This file contains any messages produced by compilers while
running configure, to aid debugging if configure makes a mistake.

It was created by jacques configure 0.1, which was
generated by GNU Autoconf 2.69.  Invocation command line was

  $ /home/wiky/Documents/CODE/Git/jacques/configure --enable-maintainer-mode CFLAGS=-g -O0 CXXFLAGS=-g -O0 JFLAGS=-g -O0 FFLAGS=-g -O0 --no-create --no-recursion

## --------- ##
## Platform. ##
## --------- ##

hostname = thunder
uname -m = x86_64
uname -r = 3.16.0-28-generic
uname -s = Linux
uname -v = #38-Ubuntu SMP Fri Dec 12 17:37:40 UTC 2014

/usr/bin/uname -p = unknown
/bin/uname -X     = unknown

/bin/arch              = unknown
/usr/bin/arch -k       = unknown
/usr/convex/getsysinfo = unknown
/usr/bin/hostinfo      = unknown
/bin/machine           = unknown
/usr/bin/oslevel       = unknown
/bin/universe          = unknown

PATH: /home/wiky/bin
PATH: /home/wiky/bin
PATH: /usr/local/sbin
PATH: /usr/local/bin
PATH: /usr/sbin
PATH: /usr/bin
PATH: /sbin
PATH: /bin
PATH: /usr/games
PATH: /usr/local/games


## ----------- ##
## Core tests. ##
## ----------- ##

configure:2178: checking for a BSD-compatible install
configure:2246: result: /usr/bin/install -c
configure:2257: checking whether build environment is sane
configure:2312: result: yes
configure:2463: checking for a thread-safe mkdir -p
configure:2502: result: /bin/mkdir -p
configure:2509: checking for gawk
configure:2525: found /usr/bin/gawk
configure:2536: result: gawk
configure:2547: checking whether make sets $(MAKE)
configure:2569: result: yes
configure:2598: checking whether make supports nested variables
configure:2615: result: yes
configure:2753: checking whether make supports nested variables
configure:2770: result: yes
configure:2830: checking for gcc
configure:2846: found /usr/bin/gcc
configure:2857: result: gcc
configure:3086: checking for C compiler version
configure:3095: gcc --version >&5
gcc (Ubuntu 4.9.1-16ubuntu6) 4.9.1
Copyright (C) 2014 Free Software Foundation, Inc.
This is free software; see the source for copying conditions.  There is NO
warranty; not even for MERCHANTABILITY or FITNESS FOR A PARTICULAR PURPOSE.

configure:3106: $? = 0
configure:3095: gcc -v >&5
Using built-in specs.
COLLECT_GCC=gcc
COLLECT_LTO_WRAPPER=/usr/lib/gcc/x86_64-linux-gnu/4.9/lto-wrapper
Target: x86_64-linux-gnu
Configured with: ../src/configure -v --with-pkgversion='Ubuntu 4.9.1-16ubuntu6' --with-bugurl=file:///usr/share/doc/gcc-4.9/README.Bugs --enable-languages=c,c++,java,go,d,fortran,objc,obj-c++ --prefix=/usr --program-suffix=-4.9 --enable-shared --enable-linker-build-id --libexecdir=/usr/lib --without-included-gettext --enable-threads=posix --with-gxx-include-dir=/usr/include/c++/4.9 --libdir=/usr/lib --enable-nls --with-sysroot=/ --enable-clocale=gnu --enable-libstdcxx-debug --enable-libstdcxx-time=yes --enable-gnu-unique-object --disable-vtable-verify --enable-plugin --with-system-zlib --disable-browser-plugin --enable-java-awt=gtk --enable-gtk-cairo --with-java-home=/usr/lib/jvm/java-1.5.0-gcj-4.9-amd64/jre --enable-java-home --with-jvm-root-dir=/usr/lib/jvm/java-1.5.0-gcj-4.9-amd64 --with-jvm-jar-dir=/usr/lib/jvm-exports/java-1.5.0-gcj-4.9-amd64 --with-arch-directory=amd64 --with-ecj-jar=/usr/share/java/eclipse-ecj.jar --enable-objc-gc --enable-multiarch --disable-werror --with-arch-32=i686 --with-abi=m64 --with-multilib-list=m32,m64,mx32 --enable-multilib --with-tune=generic --enable-checking=release --build=x86_64-linux-gnu --host=x86_64-linux-gnu --target=x86_64-linux-gnu
Thread model: posix
gcc version 4.9.1 (Ubuntu 4.9.1-16ubuntu6) 
configure:3106: $? = 0
configure:3095: gcc -V >&5
gcc: error: unrecognized command line option '-V'
gcc: fatal error: no input files
compilation terminated.
configure:3106: $? = 4
configure:3095: gcc -qversion >&5
gcc: error: unrecognized command line option '-qversion'
gcc: fatal error: no input files
compilation terminated.
configure:3106: $? = 4
configure:3126: checking whether the C compiler works
configure:3148: gcc -g -O0   conftest.c  >&5
configure:3152: $? = 0
configure:3200: result: yes
configure:3203: checking for C compiler default output file name
configure:3205: result: a.out
configure:3211: checking for suffix of executables
configure:3218: gcc -o conftest -g -O0   conftest.c  >&5
configure:3222: $? = 0
configure:3244: result: 
configure:3266: checking whether we are cross compiling
configure:3274: gcc -o conftest -g -O0   conftest.c  >&5
configure:3278: $? = 0
configure:3285: ./conftest
configure:3289: $? = 0
configure:3304: result: no
configure:3309: checking for suffix of object files
configure:3331: gcc -c -g -O0  conftest.c >&5
configure:3335: $? = 0
configure:3356: result: o
configure:3360: checking whether we are using the GNU C compiler
configure:3379: gcc -c -g -O0  conftest.c >&5
configure:3379: $? = 0
configure:3388: result: yes
configure:3397: checking whether gcc accepts -g
configure:3417: gcc -c -g  conftest.c >&5
configure:3417: $? = 0
configure:3458: result: yes
configure:3475: checking for gcc option to accept ISO C89
configure:3538: gcc  -c -g -O0  conftest.c >&5
configure:3538: $? = 0
configure:3551: result: none needed
configure:3576: checking whether gcc understands -c and -o together
configure:3598: gcc -c conftest.c -o conftest2.o
configure:3601: $? = 0
configure:3598: gcc -c conftest.c -o conftest2.o
configure:3601: $? = 0
configure:3613: result: yes
configure:3641: checking for style of include used by make
configure:3669: result: GNU
configure:3695: checking dependency style of gcc
configure:3806: result: gcc3
configure:3858: checking build system type
configure:3872: result: x86_64-unknown-linux-gnu
configure:3892: checking host system type
configure:3905: result: x86_64-unknown-linux-gnu
configure:3946: checking how to print strings
configure:3973: result: printf
configure:3994: checking for a sed that does not truncate output
configure:4058: result: /bin/sed
configure:4076: checking for grep that handles long lines and -e
configure:4134: result: /bin/grep
configure:4139: checking for egrep
configure:4201: result: /bin/grep -E
configure:4206: checking for fgrep
configure:4268: result: /bin/grep -F
configure:4303: checking for ld used by gcc
configure:4370: result: /usr/bin/ld
configure:4377: checking if the linker (/usr/bin/ld) is GNU ld
configure:4392: result: yes
configure:4404: checking for BSD- or MS-compatible name lister (nm)
configure:4453: result: /usr/bin/nm -B
configure:4583: checking the name lister (/usr/bin/nm -B) interface
configure:4590: gcc -c -g -O0  conftest.c >&5
configure:4593: /usr/bin/nm -B "conftest.o"
configure:4596: output
0000000000000000 B some_variable
configure:4603: result: BSD nm
configure:4606: checking whether ln -s works
configure:4610: result: yes
configure:4618: checking the maximum length of command line arguments
configure:4749: result: 1572864
configure:4766: checking whether the shell understands some XSI constructs
configure:4776: result: yes
configure:4780: checking whether the shell understands "+="
configure:4786: result: yes
configure:4821: checking how to convert x86_64-unknown-linux-gnu file names to x86_64-unknown-linux-gnu format
configure:4861: result: func_convert_file_noop
configure:4868: checking how to convert x86_64-unknown-linux-gnu file names to toolchain format
configure:4888: result: func_convert_file_noop
configure:4895: checking for /usr/bin/ld option to reload object files
configure:4902: result: -r
configure:4976: checking for objdump
configure:4992: found /usr/bin/objdump
configure:5003: result: objdump
configure:5035: checking how to recognize dependent libraries
configure:5233: result: pass_all
configure:5318: checking for dlltool
configure:5348: result: no
configure:5378: checking how to associate runtime and link libraries
configure:5405: result: printf %s\n
configure:5466: checking for ar
configure:5482: found /usr/bin/ar
configure:5493: result: ar
configure:5530: checking for archiver @FILE support
configure:5547: gcc -c -g -O0  conftest.c >&5
configure:5547: $? = 0
configure:5550: ar cru libconftest.a @conftest.lst >&5
configure:5553: $? = 0
configure:5558: ar cru libconftest.a @conftest.lst >&5
ar: conftest.o: No such file or directory
configure:5561: $? = 1
configure:5573: result: @
configure:5631: checking for strip
configure:5647: found /usr/bin/strip
configure:5658: result: strip
configure:5730: checking for ranlib
configure:5746: found /usr/bin/ranlib
configure:5757: result: ranlib
configure:5859: checking command to parse /usr/bin/nm -B output from gcc object
configure:5979: gcc -c -g -O0  conftest.c >&5
configure:5982: $? = 0
configure:5986: /usr/bin/nm -B conftest.o \| sed -n -e 's/^.*[ ]\([ABCDGIRSTW][ABCDGIRSTW]*\)[ ][ ]*\([_A-Za-z][_A-Za-z0-9]*\)$/\1 \2 \2/p' | sed '/ __gnu_lto/d' \> conftest.nm
configure:5989: $? = 0
configure:6055: gcc -o conftest -g -O0   conftest.c conftstm.o >&5
configure:6058: $? = 0
configure:6096: result: ok
configure:6133: checking for sysroot
configure:6163: result: no
configure:6240: gcc -c -g -O0  conftest.c >&5
configure:6243: $? = 0
configure:6432: checking for mt
configure:6448: found /bin/mt
configure:6459: result: mt
configure:6482: checking if mt is a manifest tool
configure:6488: mt '-?'
configure:6496: result: no
configure:7138: checking how to run the C preprocessor
configure:7169: gcc -E  conftest.c
configure:7169: $? = 0
configure:7183: gcc -E  conftest.c
conftest.c:11:28: fatal error: ac_nonexistent.h: No such file or directory
 #include <ac_nonexistent.h>
                            ^
compilation terminated.
configure:7183: $? = 1
configure: failed program was:
| /* confdefs.h */
| #define PACKAGE_NAME "jacques"
| #define PACKAGE_TARNAME "jacques"
| #define PACKAGE_VERSION "0.1"
| #define PACKAGE_STRING "jacques 0.1"
| #define PACKAGE_BUGREPORT ""
| #define PACKAGE_URL ""
| #define PACKAGE "jacques"
| #define VERSION "0.1"
| /* end confdefs.h.  */
| #include <ac_nonexistent.h>
configure:7208: result: gcc -E
configure:7228: gcc -E  conftest.c
configure:7228: $? = 0
configure:7242: gcc -E  conftest.c
conftest.c:11:28: fatal error: ac_nonexistent.h: No such file or directory
 #include <ac_nonexistent.h>
                            ^
compilation terminated.
configure:7242: $? = 1
configure: failed program was:
| /* confdefs.h */
| #define PACKAGE_NAME "jacques"
| #define PACKAGE_TARNAME "jacques"
| #define PACKAGE_VERSION "0.1"
| #define PACKAGE_STRING "jacques 0.1"
| #define PACKAGE_BUGREPORT ""
| #define PACKAGE_URL ""
| #define PACKAGE "jacques"
| #define VERSION "0.1"
| /* end confdefs.h.  */
| #include <ac_nonexistent.h>
configure:7271: checking for ANSI C header files
configure:7291: gcc -c -g -O0  conftest.c >&5
configure:7291: $? = 0
configure:7364: gcc -o conftest -g -O0   conftest.c  >&5
configure:7364: $? = 0
configure:7364: ./conftest
configure:7364: $? = 0
configure:7375: result: yes
configure:7388: checking for sys/types.h
configure:7388: gcc -c -g -O0  conftest.c >&5
configure:7388: $? = 0
configure:7388: result: yes
configure:7388: checking for sys/stat.h
configure:7388: gcc -c -g -O0  conftest.c >&5
configure:7388: $? = 0
configure:7388: result: yes
configure:7388: checking for stdlib.h
configure:7388: gcc -c -g -O0  conftest.c >&5
configure:7388: $? = 0
configure:7388: result: yes
configure:7388: checking for string.h
configure:7388: gcc -c -g -O0  conftest.c >&5
configure:7388: $? = 0
configure:7388: result: yes
configure:7388: checking for memory.h
configure:7388: gcc -c -g -O0  conftest.c >&5
configure:7388: $? = 0
configure:7388: result: yes
configure:7388: checking for strings.h
configure:7388: gcc -c -g -O0  conftest.c >&5
configure:7388: $? = 0
configure:7388: result: yes
configure:7388: checking for inttypes.h
configure:7388: gcc -c -g -O0  conftest.c >&5
configure:7388: $? = 0
configure:7388: result: yes
configure:7388: checking for stdint.h
configure:7388: gcc -c -g -O0  conftest.c >&5
configure:7388: $? = 0
configure:7388: result: yes
configure:7388: checking for unistd.h
configure:7388: gcc -c -g -O0  conftest.c >&5
configure:7388: $? = 0
configure:7388: result: yes
configure:7402: checking for dlfcn.h
configure:7402: gcc -c -g -O0  conftest.c >&5
configure:7402: $? = 0
configure:7402: result: yes
configure:7608: checking for objdir
configure:7623: result: .libs
configure:7890: checking if gcc supports -fno-rtti -fno-exceptions
configure:7908: gcc -c -g -O0  -fno-rtti -fno-exceptions conftest.c >&5
cc1: warning: command line option '-fno-rtti' is valid for C++/ObjC++ but not for C
configure:7912: $? = 0
configure:7925: result: no
configure:8252: checking for gcc option to produce PIC
configure:8259: result: -fPIC -DPIC
configure:8267: checking if gcc PIC flag -fPIC -DPIC works
configure:8285: gcc -c -g -O0  -fPIC -DPIC -DPIC conftest.c >&5
configure:8289: $? = 0
configure:8302: result: yes
configure:8331: checking if gcc static flag -static works
configure:8359: result: yes
configure:8374: checking if gcc supports -c -o file.o
configure:8395: gcc -c -g -O0  -o out/conftest2.o conftest.c >&5
configure:8399: $? = 0
configure:8421: result: yes
configure:8429: checking if gcc supports -c -o file.o
configure:8476: result: yes
configure:8509: checking whether the gcc linker (/usr/bin/ld -m elf_x86_64) supports shared libraries
configure:9666: result: yes
configure:9703: checking whether -lc should be explicitly linked in
configure:9711: gcc -c -g -O0  conftest.c >&5
configure:9714: $? = 0
configure:9729: gcc -shared  -fPIC -DPIC conftest.o  -v -Wl,-soname -Wl,conftest -o conftest 2\>\&1 \| /bin/grep  -lc  \>/dev/null 2\>\&1
configure:9732: $? = 0
configure:9746: result: no
configure:9906: checking dynamic linker characteristics
configure:10406: gcc -o conftest -g -O0   -Wl,-rpath -Wl,/foo conftest.c  >&5
configure:10406: $? = 0
configure:10640: result: GNU/Linux ld.so
configure:10747: checking how to hardcode library paths into programs
configure:10772: result: immediate
configure:11312: checking whether stripping libraries is possible
configure:11317: result: yes
configure:11352: checking if libtool supports shared libraries
configure:11354: result: yes
configure:11357: checking whether to build shared libraries
configure:11378: result: yes
configure:11381: checking whether to build static libraries
configure:11385: result: yes
configure:11478: checking for pkg-config
configure:11496: found /usr/bin/pkg-config
configure:11508: result: /usr/bin/pkg-config
configure:11533: checking pkg-config is at least version 0.9.0
configure:11536: result: yes
configure:11546: checking for JACQUES
configure:11553: $PKG_CONFIG --exists --print-errors "python2 python3 glib-2.0 "
configure:11556: $? = 0
configure:11570: $PKG_CONFIG --exists --print-errors "python2 python3 glib-2.0 "
configure:11573: $? = 0
configure:11631: result: yes
configure:11750: checking that generated files are newer than configure
configure:11756: result: done
configure:11779: creating ./config.status
configure:14001: WARNING: unrecognized options: --enable-maintainer-mode

## ---------------- ##
## Cache variables. ##
## ---------------- ##

ac_cv_build=x86_64-unknown-linux-gnu
ac_cv_c_compiler_gnu=yes
ac_cv_env_CC_set=
ac_cv_env_CC_value=
ac_cv_env_CFLAGS_set=set
ac_cv_env_CFLAGS_value='-g -O0'
ac_cv_env_CPPFLAGS_set=
ac_cv_env_CPPFLAGS_value=
ac_cv_env_CPP_set=
ac_cv_env_CPP_value=
ac_cv_env_JACQUES_CFLAGS_set=
ac_cv_env_JACQUES_CFLAGS_value=
ac_cv_env_JACQUES_LIBS_set=
ac_cv_env_JACQUES_LIBS_value=
ac_cv_env_LDFLAGS_set=
ac_cv_env_LDFLAGS_value=
ac_cv_env_LIBS_set=
ac_cv_env_LIBS_value=
ac_cv_env_PKG_CONFIG_LIBDIR_set=
ac_cv_env_PKG_CONFIG_LIBDIR_value=
ac_cv_env_PKG_CONFIG_PATH_set=
ac_cv_env_PKG_CONFIG_PATH_value=
ac_cv_env_PKG_CONFIG_set=
ac_cv_env_PKG_CONFIG_value=
ac_cv_env_build_alias_set=
ac_cv_env_build_alias_value=
ac_cv_env_host_alias_set=
ac_cv_env_host_alias_value=
ac_cv_env_target_alias_set=
ac_cv_env_target_alias_value=
ac_cv_header_dlfcn_h=yes
ac_cv_header_inttypes_h=yes
ac_cv_header_memory_h=yes
ac_cv_header_stdc=yes
ac_cv_header_stdint_h=yes
ac_cv_header_stdlib_h=yes
ac_cv_header_string_h=yes
ac_cv_header_strings_h=yes
ac_cv_header_sys_stat_h=yes
ac_cv_header_sys_types_h=yes
ac_cv_header_unistd_h=yes
ac_cv_host=x86_64-unknown-linux-gnu
ac_cv_objext=o
ac_cv_path_EGREP='/bin/grep -E'
ac_cv_path_FGREP='/bin/grep -F'
ac_cv_path_GREP=/bin/grep
ac_cv_path_SED=/bin/sed
ac_cv_path_ac_pt_PKG_CONFIG=/usr/bin/pkg-config
ac_cv_path_install='/usr/bin/install -c'
ac_cv_path_mkdir=/bin/mkdir
ac_cv_prog_AWK=gawk
ac_cv_prog_CPP='gcc -E'
ac_cv_prog_ac_ct_AR=ar
ac_cv_prog_ac_ct_CC=gcc
ac_cv_prog_ac_ct_MANIFEST_TOOL=mt
ac_cv_prog_ac_ct_OBJDUMP=objdump
ac_cv_prog_ac_ct_RANLIB=ranlib
ac_cv_prog_ac_ct_STRIP=strip
ac_cv_prog_cc_c89=
ac_cv_prog_cc_g=yes
ac_cv_prog_make_make_set=yes
am_cv_CC_dependencies_compiler_type=gcc3
am_cv_make_support_nested_variables=yes
am_cv_prog_cc_c_o=yes
lt_cv_ar_at_file=@
lt_cv_archive_cmds_need_lc=no
lt_cv_deplibs_check_method=pass_all
lt_cv_file_magic_cmd='$MAGIC_CMD'
lt_cv_file_magic_test_file=
lt_cv_ld_reload_flag=-r
lt_cv_nm_interface='BSD nm'
lt_cv_objdir=.libs
lt_cv_path_LD=/usr/bin/ld
lt_cv_path_NM='/usr/bin/nm -B'
lt_cv_path_mainfest_tool=no
lt_cv_prog_compiler_c_o=yes
lt_cv_prog_compiler_pic='-fPIC -DPIC'
lt_cv_prog_compiler_pic_works=yes
lt_cv_prog_compiler_rtti_exceptions=no
lt_cv_prog_compiler_static_works=yes
lt_cv_prog_gnu_ld=yes
lt_cv_sharedlib_from_linklib_cmd='printf %s\n'
lt_cv_shlibpath_overrides_runpath=no
lt_cv_sys_global_symbol_pipe='sed -n -e '\''s/^.*[	 ]\([ABCDGIRSTW][ABCDGIRSTW]*\)[	 ][	 ]*\([_A-Za-z][_A-Za-z0-9]*\)$/\1 \2 \2/p'\'' | sed '\''/ __gnu_lto/d'\'''
lt_cv_sys_global_symbol_to_c_name_address='sed -n -e '\''s/^: \([^ ]*\)[ ]*$/  {\"\1\", (void *) 0},/p'\'' -e '\''s/^[ABCDGIRSTW]* \([^ ]*\) \([^ ]*\)$/  {"\2", (void *) \&\2},/p'\'''
lt_cv_sys_global_symbol_to_c_name_address_lib_prefix='sed -n -e '\''s/^: \([^ ]*\)[ ]*$/  {\"\1\", (void *) 0},/p'\'' -e '\''s/^[ABCDGIRSTW]* \([^ ]*\) \(lib[^ ]*\)$/  {"\2", (void *) \&\2},/p'\'' -e '\''s/^[ABCDGIRSTW]* \([^ ]*\) \([^ ]*\)$/  {"lib\2", (void *) \&\2},/p'\'''
lt_cv_sys_global_symbol_to_cdecl='sed -n -e '\''s/^T .* \(.*\)$/extern int \1();/p'\'' -e '\''s/^[ABCDGIRSTW]* .* \(.*\)$/extern char \1;/p'\'''
lt_cv_sys_max_cmd_len=1572864
lt_cv_to_host_file_cmd=func_convert_file_noop
lt_cv_to_tool_file_cmd=func_convert_file_noop
pkg_cv_JACQUES_CFLAGS='-I/usr/include/python2.7 -I/usr/include/x86_64-linux-gnu/python2.7 -I/usr/include/python3.4m -I/usr/include/x86_64-linux-gnu/python3.4m -I/usr/include/glib-2.0 -I/usr/lib/x86_64-linux-gnu/glib-2.0/include '
pkg_cv_JACQUES_LIBS='-lpython2.7 -lpython3.4m -lglib-2.0 '

## ----------------- ##
## Output variables. ##
## ----------------- ##

ACLOCAL='${SHELL} /home/wiky/Documents/CODE/Git/jacques/missing aclocal-1.14'
AMDEPBACKSLASH='\'
AMDEP_FALSE='#'
AMDEP_TRUE=''
AMTAR='$${TAR-tar}'
AM_BACKSLASH='\'
AM_DEFAULT_V='$(AM_DEFAULT_VERBOSITY)'
AM_DEFAULT_VERBOSITY='0'
AM_V='$(V)'
AR='ar'
AUTOCONF='${SHELL} /home/wiky/Documents/CODE/Git/jacques/missing autoconf'
AUTOHEADER='${SHELL} /home/wiky/Documents/CODE/Git/jacques/missing autoheader'
AUTOMAKE='${SHELL} /home/wiky/Documents/CODE/Git/jacques/missing automake-1.14'
AWK='gawk'
CC='gcc'
CCDEPMODE='depmode=gcc3'
CFLAGS='-g -O0'
CPP='gcc -E'
CPPFLAGS=''
CYGPATH_W='echo'
DEFS='-DHAVE_CONFIG_H'
DEPDIR='.deps'
DLLTOOL='false'
DSYMUTIL=''
DUMPBIN=''
ECHO_C=''
ECHO_N='-n'
ECHO_T=''
EGREP='/bin/grep -E'
EXEEXT=''
FGREP='/bin/grep -F'
GREP='/bin/grep'
INSTALL_DATA='${INSTALL} -m 644'
INSTALL_PROGRAM='${INSTALL}'
INSTALL_SCRIPT='${INSTALL}'
INSTALL_STRIP_PROGRAM='$(install_sh) -c -s'
JACQUES_CFLAGS='-I/usr/include/python2.7 -I/usr/include/x86_64-linux-gnu/python2.7 -I/usr/include/python3.4m -I/usr/include/x86_64-linux-gnu/python3.4m -I/usr/include/glib-2.0 -I/usr/lib/x86_64-linux-gnu/glib-2.0/include '
JACQUES_LIBS='-lpython2.7 -lpython3.4m -lglib-2.0 '
LD='/usr/bin/ld -m elf_x86_64'
LDFLAGS=''
LIBOBJS=''
LIBS=''
LIBTOOL='$(SHELL) $(top_builddir)/libtool'
LIPO=''
LN_S='ln -s'
LTLIBOBJS=''
MAKEINFO='${SHELL} /home/wiky/Documents/CODE/Git/jacques/missing makeinfo'
MANIFEST_TOOL=':'
MKDIR_P='/bin/mkdir -p'
NM='/usr/bin/nm -B'
NMEDIT=''
OBJDUMP='objdump'
OBJEXT='o'
OTOOL64=''
OTOOL=''
PACKAGE='jacques'
PACKAGE_BUGREPORT=''
PACKAGE_NAME='jacques'
PACKAGE_STRING='jacques 0.1'
PACKAGE_TARNAME='jacques'
PACKAGE_URL=''
PACKAGE_VERSION='0.1'
PATH_SEPARATOR=':'
PKG_CONFIG='/usr/bin/pkg-config'
PKG_CONFIG_LIBDIR=''
PKG_CONFIG_PATH=''
RANLIB='ranlib'
SED='/bin/sed'
SET_MAKE=''
SHELL='/bin/bash'
STRIP='strip'
VERSION='0.1'
ac_ct_AR='ar'
ac_ct_CC='gcc'
ac_ct_DUMPBIN=''
am__EXEEXT_FALSE=''
am__EXEEXT_TRUE='#'
am__fastdepCC_FALSE='#'
am__fastdepCC_TRUE=''
am__include='include'
am__isrc=' -I$(srcdir)'
am__leading_dot='.'
am__nodep='_no'
am__quote=''
am__tar='$${TAR-tar} chof - "$$tardir"'
am__untar='$${TAR-tar} xf -'
bindir='${exec_prefix}/bin'
build='x86_64-unknown-linux-gnu'
build_alias=''
build_cpu='x86_64'
build_os='linux-gnu'
build_vendor='unknown'
datadir='${datarootdir}'
datarootdir='${prefix}/share'
docdir='${datarootdir}/doc/${PACKAGE_TARNAME}'
dvidir='${docdir}'
exec_prefix='${prefix}'
host='x86_64-unknown-linux-gnu'
host_alias=''
host_cpu='x86_64'
host_os='linux-gnu'
host_vendor='unknown'
htmldir='${docdir}'
includedir='${prefix}/include'
infodir='${datarootdir}/info'
install_sh='${SHELL} /home/wiky/Documents/CODE/Git/jacques/install-sh'
libdir='${exec_prefix}/lib'
libexecdir='${exec_prefix}/libexec'
localedir='${datarootdir}/locale'
localstatedir='${prefix}/var'
mandir='${datarootdir}/man'
mkdir_p='$(MKDIR_P)'
oldincludedir='/usr/include'
pdfdir='${docdir}'
prefix='/usr/local'
program_transform_name='s,x,x,'
psdir='${docdir}'
sbindir='${exec_prefix}/sbin'
sharedstatedir='${prefix}/com'
sysconfdir='${prefix}/etc'
target_alias=''

## ----------- ##
## confdefs.h. ##
## ----------- ##

/* confdefs.h */
#define PACKAGE_NAME "jacques"
#define PACKAGE_TARNAME "jacques"
#define PACKAGE_VERSION "0.1"
#define PACKAGE_STRING "jacques 0.1"
#define PACKAGE_BUGREPORT ""
#define PACKAGE_URL ""
#define PACKAGE "jacques"
#define VERSION "0.1"
#define STDC_HEADERS 1
#define HAVE_SYS_TYPES_H 1
#define HAVE_SYS_STAT_H 1
#define HAVE_STDLIB_H 1
#define HAVE_STRING_H 1
#define HAVE_MEMORY_H 1
#define HAVE_STRINGS_H 1
#define HAVE_INTTYPES_H 1
#define HAVE_STDINT_H 1
#define HAVE_UNISTD_H 1
#define HAVE_DLFCN_H 1
#define LT_OBJDIR ".libs/"

configure: exit 0

## ---------------------- ##
## Running config.status. ##
## ---------------------- ##

This file was extended by jacques config.status 0.1, which was
generated by GNU Autoconf 2.69.  Invocation command line was

  CONFIG_FILES    = 
  CONFIG_HEADERS  = 
  CONFIG_LINKS    = 
  CONFIG_COMMANDS = 
  $ ./config.status 

on thunder

config.status:1088: creating Makefile
config.status:1088: creating src/Makefile
config.status:1088: creating src/jio/Makefile
config.status:1088: creating config.h
config.status:1254: config.h is unchanged
config.status:1302: executing depfiles commands
config.status:1302: executing libtool commands

## ---------------------- ##
## Running config.status. ##
## ---------------------- ##

This file was extended by jacques config.status 0.1, which was
generated by GNU Autoconf 2.69.  Invocation command line was

  CONFIG_FILES    = 
  CONFIG_HEADERS  = 
  CONFIG_LINKS    = 
  CONFIG_COMMANDS = 
  $ ./config.status config.h

on thunder

config.status:1088: creating config.h
config.status:1254: config.h is unchanged
